#
# There is insufficient memory for the Java Runtime Environment to continue.
# Cannot create worker GC thread. Out of system resources.
# Possible reasons:
#   The system is out of physical RAM or swap space
#   The process is running with CompressedOops enabled, and the Java Heap may be blocking the growth of the native heap
# Possible solutions:
#   Reduce memory load on the system
#   Increase physical memory or swap space
#   Check if swap backing store is full
#   Decrease Java heap size (-Xmx/-Xms)
#   Decrease number of Java threads
#   Decrease Java thread stack sizes (-Xss)
#   Set larger code cache with -XX:ReservedCodeCacheSize=
#   JVM is running with Unscaled Compressed Oops mode in which the Java heap is
#     placed in the first 4GB address space. The Java Heap base address is the
#     maximum limit for the native heap growth. Please use -XX:HeapBaseMinAddress
#     to set the Java Heap base and to place the Java Heap above 4GB virtual address.
# This output file may be truncated or incomplete.
#
#  Out of Memory Error (workerManager.hpp:87), pid=865175, tid=865175
#
# JRE version:  (17.0.5+8) (build )
# Java VM: OpenJDK 64-Bit Server VM (17.0.5+8, mixed mode, sharing, tiered, compressed oops, compressed class ptrs, g1 gc, linux-amd64)
# No core dump will be written. Core dumps have been disabled. To enable core dumping, try "ulimit -c unlimited" before starting Java again
#

---------------  S U M M A R Y ------------

Command Line: -Dfile.encoding=UTF-8 -XX:+ShowCodeDetailsInExceptionMessages cel.gènesi.Execució -Xss999m -Xmx6g -XX:MaxPermSize=256m

Host: Intel(R) Core(TM) i7-2640M CPU @ 2.80GHz, 4 cores, 7G, Debian GNU/Linux 11 (bullseye)
Time: Sat Apr  8 20:00:08 2023 CEST elapsed time: 0.026422 seconds (0d 0h 0m 0s)

---------------  T H R E A D  ---------------

Current thread (0x0000557f2e6b1ce0):  JavaThread "Unknown thread" [_thread_in_vm, id=865175, stack(0x00007ffef00ed000,0x00007ffef08eb000)]

Stack: [0x00007ffef00ed000,0x00007ffef08eb000],  sp=0x00007ffef08e5e60,  free space=8163k
Native frames: (J=compiled Java code, j=interpreted, Vv=VM code, C=native code)
V  [libjvm.so+0xed9801]  VMError::report_and_die(int, char const*, char const*, __va_list_tag*, Thread*, unsigned char*, void*, void*, char const*, int, unsigned long)+0x1a1
V  [libjvm.so+0xeda3cd]  VMError::report_and_die(Thread*, char const*, int, unsigned long, VMErrorType, char const*, __va_list_tag*)+0x2d
V  [libjvm.so+0x605913]  report_vm_out_of_memory(char const*, int, unsigned long, VMErrorType, char const*, ...)+0xc3
V  [libjvm.so+0xf0d42f]  WorkerManager::add_workers(WorkGang*, unsigned int, unsigned int, unsigned int, os::ThreadType, bool)+0x18f
V  [libjvm.so+0xf0d5ca]  WorkGang::initialize_workers()+0x4a
V  [libjvm.so+0x6eb931]  G1CollectedHeap::initialize()+0x6c1
V  [libjvm.so+0xe87fa2]  universe_init()+0xd2
V  [libjvm.so+0x7f73c7]  init_globals()+0x37
V  [libjvm.so+0xe5f247]  Threads::create_vm(JavaVMInitArgs*, bool*)+0x387
V  [libjvm.so+0x8b4922]  JNI_CreateJavaVM+0x52
C  [libjli.so+0x4a0f]  JavaMain+0x8f
C  [libjli.so+0x9910]  CallJavaMainInNewThread+0xb0
C  [libjli.so+0x69fd]  ContinueInNewThread+0x5d
C  [libjli.so+0x8064]  JLI_Launch+0x1474
C  [java+0x1203]  main+0x123


---------------  P R O C E S S  ---------------

Threads class SMR info:
_java_thread_list=0x00007fae092904e0, length=0, elements={
}

Java Threads: ( => current thread )

Other Threads:

[error occurred during error reporting (printing all threads), id 0xb, SIGSEGV (0xb) at pc=0x00007fae08654120]

VM state: not at safepoint (not fully initialized)

VM Mutex/Monitor currently owned by a thread:  ([mutex/lock_event])
[0x0000557f2e6af060] Heap_lock - owner thread: 0x0000557f2e6b1ce0

Heap address: 0x0000000085000000, size: 1968 MB, Compressed Oops mode: 32-bit

CDS archive(s) mapped at: [0x0000000000000000-0x0000000000000000-0x0000000000000000), size 0, SharedBaseAddress: 0x0000000800000000, ArchiveRelocationMode: 0.
Narrow klass base: 0x0000000000000000, Narrow klass shift: 0, Narrow klass range: 0x0

GC Precious Log:
<Empty>

Heap:
 garbage-first heap   total 0K, used 0K [0x0000000085000000, 0x0000000100000000)
  region size 1024K, 0 young (0K), 0 survivors (0K)

[error occurred during error reporting (printing heap information), id 0xb, SIGSEGV (0xb) at pc=0x00007fae08c1491a]

GC Heap History (0 events):
No events

Dll operation events (1 events):
Event: 0.004 Loaded shared library /home/joan/.p2/pool/plugins/org.eclipse.justj.openjdk.hotspot.jre.full.linux.x86_64_17.0.5.v20221102-0933/jre/lib/libjava.so

Deoptimization events (0 events):
No events

Classes unloaded (0 events):
No events

Classes redefined (0 events):
No events

Internal exceptions (0 events):
No events

VM Operations (0 events):
No events

Events (1 events):
Event: 0.003 Protecting memory [0x00007ffef00ed000,0x00007ffef00f1000] with protection modes 0


Dynamic libraries:
85000000-100000000 ---p 00000000 00:00 0 
557f2d6d0000-557f2d6d1000 r--p 00000000 08:01 5802176                    /home/joan/.p2/pool/plugins/org.eclipse.justj.openjdk.hotspot.jre.full.linux.x86_64_17.0.5.v20221102-0933/jre/bin/java
557f2d6d1000-557f2d6d2000 r-xp 00001000 08:01 5802176                    /home/joan/.p2/pool/plugins/org.eclipse.justj.openjdk.hotspot.jre.full.linux.x86_64_17.0.5.v20221102-0933/jre/bin/java
557f2d6d2000-557f2d6d3000 r--p 00002000 08:01 5802176                    /home/joan/.p2/pool/plugins/org.eclipse.justj.openjdk.hotspot.jre.full.linux.x86_64_17.0.5.v20221102-0933/jre/bin/java
557f2d6d3000-557f2d6d4000 r--p 00002000 08:01 5802176                    /home/joan/.p2/pool/plugins/org.eclipse.justj.openjdk.hotspot.jre.full.linux.x86_64_17.0.5.v20221102-0933/jre/bin/java
557f2d6d4000-557f2d6d5000 rw-p 00003000 08:01 5802176                    /home/joan/.p2/pool/plugins/org.eclipse.justj.openjdk.hotspot.jre.full.linux.x86_64_17.0.5.v20221102-0933/jre/bin/java
557f2e665000-557f2e726000 rw-p 00000000 00:00 0                          [heap]
7fadf0248000-7fadf0633000 rw-p 00000000 00:00 0 
7fadf0633000-7fadf0634000 ---p 00000000 00:00 0 
7fadf0634000-7fadf0777000 rw-p 00000000 00:00 0 
7fadf0777000-7fadf507f000 ---p 00000000 00:00 0 
7fadf507f000-7fadf5488000 rw-p 00000000 00:00 0 
7fadf5488000-7fadf556e000 ---p 00000000 00:00 0 
7fadf556e000-7fadf5573000 rw-p 00000000 00:00 0 
7fadf5573000-7fadf5659000 ---p 00000000 00:00 0 
7fadf5659000-7fadf565e000 rw-p 00000000 00:00 0 
7fadf565e000-7fadf5665000 ---p 00000000 00:00 0 
7fadf5665000-7fadf58d5000 rwxp 00000000 00:00 0 
7fadf58d5000-7fadf5bf6000 ---p 00000000 00:00 0 
7fadf5bf6000-7fadf5e66000 rwxp 00000000 00:00 0 
7fadf5e66000-7fadfd12d000 ---p 00000000 00:00 0 
7fadfd12d000-7fadfd39d000 rwxp 00000000 00:00 0 
7fadfd39d000-7fae04665000 ---p 00000000 00:00 0 
7fae04665000-7fae04672000 r--p 00000000 08:01 5802558                    /home/joan/.p2/pool/plugins/org.eclipse.justj.openjdk.hotspot.jre.full.linux.x86_64_17.0.5.v20221102-0933/jre/lib/libjava.so
7fae04672000-7fae04684000 r-xp 0000d000 08:01 5802558                    /home/joan/.p2/pool/plugins/org.eclipse.justj.openjdk.hotspot.jre.full.linux.x86_64_17.0.5.v20221102-0933/jre/lib/libjava.so
7fae04684000-7fae0468a000 r--p 0001f000 08:01 5802558                    /home/joan/.p2/pool/plugins/org.eclipse.justj.openjdk.hotspot.jre.full.linux.x86_64_17.0.5.v20221102-0933/jre/lib/libjava.so
7fae0468a000-7fae0468b000 ---p 00025000 08:01 5802558                    /home/joan/.p2/pool/plugins/org.eclipse.justj.openjdk.hotspot.jre.full.linux.x86_64_17.0.5.v20221102-0933/jre/lib/libjava.so
7fae0468b000-7fae0468c000 r--p 00025000 08:01 5802558                    /home/joan/.p2/pool/plugins/org.eclipse.justj.openjdk.hotspot.jre.full.linux.x86_64_17.0.5.v20221102-0933/jre/lib/libjava.so
7fae0468c000-7fae0468d000 rw-p 00026000 08:01 5802558                    /home/joan/.p2/pool/plugins/org.eclipse.justj.openjdk.hotspot.jre.full.linux.x86_64_17.0.5.v20221102-0933/jre/lib/libjava.so
7fae0468d000-7fae0468e000 rw-p 00000000 00:00 0 
7fae0468e000-7fae07ced000 r--s 00000000 08:01 5802553                    /home/joan/.p2/pool/plugins/org.eclipse.justj.openjdk.hotspot.jre.full.linux.x86_64_17.0.5.v20221102-0933/jre/lib/modules
7fae07ced000-7fae07cf1000 r--p 00000000 08:01 5802559                    /home/joan/.p2/pool/plugins/org.eclipse.justj.openjdk.hotspot.jre.full.linux.x86_64_17.0.5.v20221102-0933/jre/lib/libjimage.so
7fae07cf1000-7fae07d04000 r-xp 00004000 08:01 5802559                    /home/joan/.p2/pool/plugins/org.eclipse.justj.openjdk.hotspot.jre.full.linux.x86_64_17.0.5.v20221102-0933/jre/lib/libjimage.so
7fae07d04000-7fae07d0a000 r--p 00017000 08:01 5802559                    /home/joan/.p2/pool/plugins/org.eclipse.justj.openjdk.hotspot.jre.full.linux.x86_64_17.0.5.v20221102-0933/jre/lib/libjimage.so
7fae07d0a000-7fae07d0c000 r--p 0001c000 08:01 5802559                    /home/joan/.p2/pool/plugins/org.eclipse.justj.openjdk.hotspot.jre.full.linux.x86_64_17.0.5.v20221102-0933/jre/lib/libjimage.so
7fae07d0c000-7fae07d0d000 rw-p 0001e000 08:01 5802559                    /home/joan/.p2/pool/plugins/org.eclipse.justj.openjdk.hotspot.jre.full.linux.x86_64_17.0.5.v20221102-0933/jre/lib/libjimage.so
7fae07d0d000-7fae07e0e000 rw-p 00000000 00:00 0 
7fae07e0e000-7fae07e1b000 r--p 00000000 08:01 401325                     /usr/lib/x86_64-linux-gnu/libm-2.31.so
7fae07e1b000-7fae07eb5000 r-xp 0000d000 08:01 401325                     /usr/lib/x86_64-linux-gnu/libm-2.31.so
7fae07eb5000-7fae07f50000 r--p 000a7000 08:01 401325                     /usr/lib/x86_64-linux-gnu/libm-2.31.so
7fae07f50000-7fae07f51000 r--p 00141000 08:01 401325                     /usr/lib/x86_64-linux-gnu/libm-2.31.so
7fae07f51000-7fae07f52000 rw-p 00142000 08:01 401325                     /usr/lib/x86_64-linux-gnu/libm-2.31.so
7fae07f52000-7fae07f54000 r--p 00000000 08:01 401818                     /usr/lib/x86_64-linux-gnu/librt-2.31.so
7fae07f54000-7fae07f58000 r-xp 00002000 08:01 401818                     /usr/lib/x86_64-linux-gnu/librt-2.31.so
7fae07f58000-7fae07f5a000 r--p 00006000 08:01 401818                     /usr/lib/x86_64-linux-gnu/librt-2.31.so
7fae07f5a000-7fae07f5b000 r--p 00007000 08:01 401818                     /usr/lib/x86_64-linux-gnu/librt-2.31.so
7fae07f5b000-7fae07f5c000 rw-p 00008000 08:01 401818                     /usr/lib/x86_64-linux-gnu/librt-2.31.so
7fae07f5c000-7fae081ae000 r--p 00000000 08:01 5802549                    /home/joan/.p2/pool/plugins/org.eclipse.justj.openjdk.hotspot.jre.full.linux.x86_64_17.0.5.v20221102-0933/jre/lib/server/libjvm.so
7fae081ae000-7fae08ec7000 r-xp 00252000 08:01 5802549                    /home/joan/.p2/pool/plugins/org.eclipse.justj.openjdk.hotspot.jre.full.linux.x86_64_17.0.5.v20221102-0933/jre/lib/server/libjvm.so
7fae08ec7000-7fae09152000 r--p 00f6b000 08:01 5802549                    /home/joan/.p2/pool/plugins/org.eclipse.justj.openjdk.hotspot.jre.full.linux.x86_64_17.0.5.v20221102-0933/jre/lib/server/libjvm.so
7fae09152000-7fae09153000 ---p 011f6000 08:01 5802549                    /home/joan/.p2/pool/plugins/org.eclipse.justj.openjdk.hotspot.jre.full.linux.x86_64_17.0.5.v20221102-0933/jre/lib/server/libjvm.so
7fae09153000-7fae0920c000 r--p 011f6000 08:01 5802549                    /home/joan/.p2/pool/plugins/org.eclipse.justj.openjdk.hotspot.jre.full.linux.x86_64_17.0.5.v20221102-0933/jre/lib/server/libjvm.so
7fae0920c000-7fae09241000 rw-p 012af000 08:01 5802549                    /home/joan/.p2/pool/plugins/org.eclipse.justj.openjdk.hotspot.jre.full.linux.x86_64_17.0.5.v20221102-0933/jre/lib/server/libjvm.so
7fae09241000-7fae0929d000 rw-p 00000000 00:00 0 
7fae0929d000-7fae092bf000 r--p 00000000 08:01 400401                     /usr/lib/x86_64-linux-gnu/libc-2.31.so
7fae092bf000-7fae09419000 r-xp 00022000 08:01 400401                     /usr/lib/x86_64-linux-gnu/libc-2.31.so
7fae09419000-7fae09468000 r--p 0017c000 08:01 400401                     /usr/lib/x86_64-linux-gnu/libc-2.31.so
7fae09468000-7fae0946c000 r--p 001ca000 08:01 400401                     /usr/lib/x86_64-linux-gnu/libc-2.31.so
7fae0946c000-7fae0946e000 rw-p 001ce000 08:01 400401                     /usr/lib/x86_64-linux-gnu/libc-2.31.so
7fae0946e000-7fae09472000 rw-p 00000000 00:00 0 
7fae09472000-7fae09473000 r--p 00000000 08:01 400574                     /usr/lib/x86_64-linux-gnu/libdl-2.31.so
7fae09473000-7fae09475000 r-xp 00001000 08:01 400574                     /usr/lib/x86_64-linux-gnu/libdl-2.31.so
7fae09475000-7fae09476000 r--p 00003000 08:01 400574                     /usr/lib/x86_64-linux-gnu/libdl-2.31.so
7fae09476000-7fae09477000 r--p 00003000 08:01 400574                     /usr/lib/x86_64-linux-gnu/libdl-2.31.so
7fae09477000-7fae09478000 rw-p 00004000 08:01 400574                     /usr/lib/x86_64-linux-gnu/libdl-2.31.so
7fae09478000-7fae0947e000 r--p 00000000 08:01 401750                     /usr/lib/x86_64-linux-gnu/libpthread-2.31.so
7fae0947e000-7fae0948e000 r-xp 00006000 08:01 401750                     /usr/lib/x86_64-linux-gnu/libpthread-2.31.so
7fae0948e000-7fae09494000 r--p 00016000 08:01 401750                     /usr/lib/x86_64-linux-gnu/libpthread-2.31.so
7fae09494000-7fae09495000 r--p 0001b000 08:01 401750                     /usr/lib/x86_64-linux-gnu/libpthread-2.31.so
7fae09495000-7fae09496000 rw-p 0001c000 08:01 401750                     /usr/lib/x86_64-linux-gnu/libpthread-2.31.so
7fae09496000-7fae0949a000 rw-p 00000000 00:00 0 
7fae0949a000-7fae0949d000 r--p 00000000 08:01 5802560                    /home/joan/.p2/pool/plugins/org.eclipse.justj.openjdk.hotspot.jre.full.linux.x86_64_17.0.5.v20221102-0933/jre/lib/libjli.so
7fae0949d000-7fae094a7000 r-xp 00003000 08:01 5802560                    /home/joan/.p2/pool/plugins/org.eclipse.justj.openjdk.hotspot.jre.full.linux.x86_64_17.0.5.v20221102-0933/jre/lib/libjli.so
7fae094a7000-7fae094aa000 r--p 0000d000 08:01 5802560                    /home/joan/.p2/pool/plugins/org.eclipse.justj.openjdk.hotspot.jre.full.linux.x86_64_17.0.5.v20221102-0933/jre/lib/libjli.so
7fae094aa000-7fae094ab000 ---p 00010000 08:01 5802560                    /home/joan/.p2/pool/plugins/org.eclipse.justj.openjdk.hotspot.jre.full.linux.x86_64_17.0.5.v20221102-0933/jre/lib/libjli.so
7fae094ab000-7fae094ac000 r--p 00010000 08:01 5802560                    /home/joan/.p2/pool/plugins/org.eclipse.justj.openjdk.hotspot.jre.full.linux.x86_64_17.0.5.v20221102-0933/jre/lib/libjli.so
7fae094ac000-7fae094ad000 rw-p 00011000 08:01 5802560                    /home/joan/.p2/pool/plugins/org.eclipse.justj.openjdk.hotspot.jre.full.linux.x86_64_17.0.5.v20221102-0933/jre/lib/libjli.so
7fae094ad000-7fae094b0000 r--p 00000000 08:01 402286                     /usr/lib/x86_64-linux-gnu/libz.so.1.2.11
7fae094b0000-7fae094c1000 r-xp 00003000 08:01 402286                     /usr/lib/x86_64-linux-gnu/libz.so.1.2.11
7fae094c1000-7fae094c7000 r--p 00014000 08:01 402286                     /usr/lib/x86_64-linux-gnu/libz.so.1.2.11
7fae094c7000-7fae094c8000 ---p 0001a000 08:01 402286                     /usr/lib/x86_64-linux-gnu/libz.so.1.2.11
7fae094c8000-7fae094c9000 r--p 0001a000 08:01 402286                     /usr/lib/x86_64-linux-gnu/libz.so.1.2.11
7fae094c9000-7fae094ca000 rw-p 0001b000 08:01 402286                     /usr/lib/x86_64-linux-gnu/libz.so.1.2.11
7fae094cb000-7fae094d3000 rw-s 00000000 08:01 1835066                    /tmp/hsperfdata_joan/865175
7fae094d3000-7fae094d6000 r--p 00000000 08:01 401551                     /usr/lib/x86_64-linux-gnu/libnss_files-2.31.so
7fae094d6000-7fae094dd000 r-xp 00003000 08:01 401551                     /usr/lib/x86_64-linux-gnu/libnss_files-2.31.so
7fae094dd000-7fae094df000 r--p 0000a000 08:01 401551                     /usr/lib/x86_64-linux-gnu/libnss_files-2.31.so
7fae094df000-7fae094e0000 r--p 0000b000 08:01 401551                     /usr/lib/x86_64-linux-gnu/libnss_files-2.31.so
7fae094e0000-7fae094e1000 rw-p 0000c000 08:01 401551                     /usr/lib/x86_64-linux-gnu/libnss_files-2.31.so
7fae094e1000-7fae094e7000 rw-p 00000000 00:00 0 
7fae094e7000-7fae094e8000 ---p 00000000 00:00 0 
7fae094e8000-7fae094e9000 r--p 00000000 00:00 0 
7fae094e9000-7fae094eb000 rw-p 00000000 00:00 0 
7fae094eb000-7fae094ec000 r--p 00000000 08:01 399613                     /usr/lib/x86_64-linux-gnu/ld-2.31.so
7fae094ec000-7fae0950c000 r-xp 00001000 08:01 399613                     /usr/lib/x86_64-linux-gnu/ld-2.31.so
7fae0950c000-7fae09514000 r--p 00021000 08:01 399613                     /usr/lib/x86_64-linux-gnu/ld-2.31.so
7fae09514000-7fae09515000 ---p 00000000 00:00 0 
7fae09515000-7fae09516000 r--p 00029000 08:01 399613                     /usr/lib/x86_64-linux-gnu/ld-2.31.so
7fae09516000-7fae09517000 rw-p 0002a000 08:01 399613                     /usr/lib/x86_64-linux-gnu/ld-2.31.so
7fae09517000-7fae09518000 rw-p 00000000 00:00 0 
7ffef00ed000-7ffef00f1000 ---p 00000000 00:00 0 
7ffef08cc000-7ffef08ed000 rw-p 00000000 00:00 0                          [stack]
7ffef0922000-7ffef0926000 r--p 00000000 00:00 0                          [vvar]
7ffef0926000-7ffef0928000 r-xp 00000000 00:00 0                          [vdso]


VM Arguments:
jvm_args: -Dfile.encoding=UTF-8 -XX:+ShowCodeDetailsInExceptionMessages 
java_command: cel.gènesi.Execució -Xss999m -Xmx6g -XX:MaxPermSize=256m
java_class_path (initial): /home/joan/git/cel.protocol/cel.protocol/temps/target/classes:/home/joan/git/cel.protocol/cel.protocol/cor/target/classes:/home/joan/git/cel.protocol/cel.protocol/cap/target/classes:/home/joan/.m2/repository/javax/xml/bind/jaxb-api/2.3.1/jaxb-api-2.3.1.jar:/home/joan/.m2/repository/javax/activation/javax.activation-api/1.2.0/javax.activation-api-1.2.0.jar:/home/joan/.m2/repository/org/glassfish/jaxb/jaxb-runtime/2.3.2/jaxb-runtime-2.3.2.jar:/home/joan/.m2/repository/jakarta/xml/bind/jakarta.xml.bind-api/2.3.2/jakarta.xml.bind-api-2.3.2.jar:/home/joan/.m2/repository/org/glassfish/jaxb/txw2/2.3.2/txw2-2.3.2.jar:/home/joan/.m2/repository/com/sun/istack/istack-commons-runtime/3.0.8/istack-commons-runtime-3.0.8.jar:/home/joan/.m2/repository/org/jvnet/staxex/stax-ex/1.8.1/stax-ex-1.8.1.jar:/home/joan/.m2/repository/com/sun/xml/fastinfoset/FastInfoset/1.2.16/FastInfoset-1.2.16.jar:/home/joan/.m2/repository/jakarta/activation/jakarta.activation-api/1.2.1/jakarta.activation-api-1.2.1.jar
Launcher Type: SUN_STANDARD

[Global flags]
     intx CICompilerCount                          = 3                                         {product} {ergonomic}
     uint ConcGCThreads                            = 1                                         {product} {ergonomic}
     uint G1ConcRefinementThreads                  = 4                                         {product} {ergonomic}
   size_t G1HeapRegionSize                         = 1048576                                   {product} {ergonomic}
    uintx GCDrainStackTargetSize                   = 64                                        {product} {ergonomic}
   size_t InitialHeapSize                          = 130023424                                 {product} {ergonomic}
   size_t MarkStackSize                            = 4194304                                   {product} {ergonomic}
   size_t MaxHeapSize                              = 2063597568                                {product} {ergonomic}
   size_t MinHeapDeltaBytes                        = 1048576                                   {product} {ergonomic}
   size_t MinHeapSize                              = 8388608                                   {product} {ergonomic}
    uintx NonNMethodCodeHeapSize                   = 5832780                                {pd product} {ergonomic}
    uintx NonProfiledCodeHeapSize                  = 122912730                              {pd product} {ergonomic}
    uintx ProfiledCodeHeapSize                     = 122912730                              {pd product} {ergonomic}
    uintx ReservedCodeCacheSize                    = 251658240                              {pd product} {ergonomic}
     bool SegmentedCodeCache                       = true                                      {product} {ergonomic}
     bool ShowCodeDetailsInExceptionMessages       = true                                   {manageable} {command line}
   size_t SoftMaxHeapSize                          = 2063597568                             {manageable} {ergonomic}
     bool UseCompressedClassPointers               = true                           {product lp64_product} {ergonomic}
     bool UseCompressedOops                        = true                           {product lp64_product} {ergonomic}
     bool UseG1GC                                  = true                                      {product} {ergonomic}

Logging:
Log output configuration:
 #0: stdout all=warning uptime,level,tags
 #1: stderr all=off uptime,level,tags

Environment Variables:
PATH=/usr/local/bin:/usr/bin:/bin:/usr/local/games:/usr/games
USERNAME=joan
SHELL=/bin/bash
DISPLAY=:0
LANG=en_US.UTF-8

Signal Handlers:
   SIGSEGV: crash_handler in libjvm.so, mask=11100100010111111101111111111110, flags=SA_RESTART|SA_SIGINFO
    SIGBUS: crash_handler in libjvm.so, mask=11100100010111111101111111111110, flags=SA_RESTART|SA_SIGINFO
    SIGFPE: crash_handler in libjvm.so, mask=11100100010111111101111111111110, flags=SA_RESTART|SA_SIGINFO
   SIGPIPE: javaSignalHandler in libjvm.so, mask=11100100010111111101111111111110, flags=SA_RESTART|SA_SIGINFO
   SIGXFSZ: javaSignalHandler in libjvm.so, mask=11100100010111111101111111111110, flags=SA_RESTART|SA_SIGINFO
    SIGILL: crash_handler in libjvm.so, mask=11100100010111111101111111111110, flags=SA_RESTART|SA_SIGINFO
   SIGUSR2: SR_handler in libjvm.so, mask=00100000000000000000000000000000, flags=SA_RESTART|SA_SIGINFO
    SIGHUP: SIG_DFL, mask=00000000000000000000000000000000, flags=none
    SIGINT: SIG_DFL, mask=00000000000000000000000000000000, flags=none
   SIGTERM: SIG_DFL, mask=00000000000000000000000000000000, flags=none
   SIGQUIT: javaSignalHandler in libjvm.so, mask=11100100010111111101111111111110, flags=SA_RESTART|SA_SIGINFO
   SIGTRAP: crash_handler in libjvm.so, mask=11100100010111111101111111111110, flags=SA_RESTART|SA_SIGINFO


---------------  S Y S T E M  ---------------

OS:
PRETTY_NAME="Debian GNU/Linux 11 (bullseye)"
NAME="Debian GNU/Linux"
VERSION_ID="11"
VERSION="11 (bullseye)"
VERSION_CODENAME=bullseye
ID=debian
HOME_URL="https://www.debian.org/"
SUPPORT_URL="https://www.debian.org/support"
BUG_REPORT_URL="https://bugs.debian.org/"
uname: Linux 5.10.0-21-amd64 #1 SMP Debian 5.10.162-1 (2023-01-21) x86_64
OS uptime: 1 days 0:44 hours
libc: glibc 2.31 NPTL 2.31 
rlimit (soft/hard): STACK 8192k/infinity , CORE 0k/infinity , NPROC 31274/31274 , NOFILE 1048576/1048576 , AS infinity/infinity , CPU infinity/infinity , DATA infinity/infinity , FSIZE infinity/infinity , MEMLOCK 1007592k/1007592k
load average: 2.95 2.06 1.61

/proc/meminfo:
MemTotal:        8060736 kB
MemFree:          250684 kB
MemAvailable:    1820424 kB
Buffers:          100324 kB
Cached:          3101500 kB
SwapCached:        36708 kB
Active:           973108 kB
Inactive:        6310000 kB
Active(anon):     190356 kB
Inactive(anon):  5345696 kB
Active(file):     782752 kB
Inactive(file):   964304 kB
Unevictable:        2504 kB
Mlocked:              96 kB
SwapTotal:        999420 kB
SwapFree:         487884 kB
Dirty:               228 kB
Writeback:             0 kB
AnonPages:       4004864 kB
Mapped:          1665516 kB
Shmem:           1454768 kB
KReclaimable:      90980 kB
Slab:             234372 kB
SReclaimable:      90980 kB
SUnreclaim:       143392 kB
KernelStack:      162240 kB
PageTables:        54460 kB
NFS_Unstable:          0 kB
Bounce:                0 kB
WritebackTmp:          0 kB
CommitLimit:     5029788 kB
Committed_AS:   19313340 kB
VmallocTotal:   34359738367 kB
VmallocUsed:      186956 kB
VmallocChunk:          0 kB
Percpu:             7072 kB
HardwareCorrupted:     0 kB
AnonHugePages:   1304576 kB
ShmemHugePages:        0 kB
ShmemPmdMapped:        0 kB
FileHugePages:         0 kB
FilePmdMapped:         0 kB
HugePages_Total:       0
HugePages_Free:        0
HugePages_Rsvd:        0
HugePages_Surp:        0
Hugepagesize:       2048 kB
Hugetlb:               0 kB
DirectMap4k:      338176 kB
DirectMap2M:     7964672 kB

/sys/kernel/mm/transparent_hugepage/enabled: [always] madvise never
/sys/kernel/mm/transparent_hugepage/defrag (defrag/compaction efforts parameter): always defer defer+madvise [madvise] never

Process Memory:
Virtual Size: 2428672K (peak: 2428672K)
Resident Set Size: 18332K (peak: 18332K) (anon: 5720K, file: 12612K, shmem: 0K)
Swapped out: 0K
C-Heap outstanding allocations: 8846K, retained: 49K
glibc malloc tunables: (default)

/proc/sys/kernel/threads-max (system-wide limit on the number of threads): 62549
/proc/sys/vm/max_map_count (maximum number of memory map areas a process may have): 65530
/proc/sys/kernel/pid_max (system-wide limit on number of process identifiers): 4194304

container (cgroup) information:
container_type: cgroupv2
cpu_cpuset_cpus: not supported
cpu_memory_nodes: not supported
active_processor_count: 4
cpu_quota: not supported
cpu_period: not supported
cpu_shares: not supported
memory_limit_in_bytes: unlimited
memory_and_swap_limit_in_bytes: unlimited
memory_soft_limit_in_bytes: unlimited
memory_usage_in_bytes: 4417540 k
memory_max_usage_in_bytes: not supported
maximum number of tasks: 9382
current number of tasks: 9382

Steal ticks since vm start: 0
Steal ticks percentage since vm start:  0.000

CPU: total 4 (initial active 4) (2 cores per cpu, 2 threads per core) family 6 model 42 stepping 7 microcode 0x14, cx8, cmov, fxsr, ht, mmx, sse, sse2, sse3, ssse3, sse4.1, sse4.2, popcnt, tsc, tscinvbit, avx, aes, clmul, vzeroupper, clflush
CPU Model and flags from /proc/cpuinfo:
model name	: Intel(R) Core(TM) i7-2640M CPU @ 2.80GHz
flags		: fpu vme de pse tsc msr pae mce cx8 apic sep mtrr pge mca cmov pat pse36 clflush dts acpi mmx fxsr sse sse2 ht tm pbe syscall nx rdtscp lm constant_tsc arch_perfmon pebs bts rep_good nopl xtopology nonstop_tsc cpuid aperfmperf pni pclmulqdq dtes64 monitor ds_cpl vmx smx est tm2 ssse3 cx16 xtpr pdcm pcid sse4_1 sse4_2 x2apic popcnt tsc_deadline_timer aes xsave avx lahf_lm epb pti tpr_shadow vnmi flexpriority ept vpid xsaveopt dtherm ida arat pln pts

Online cpus: 0-3
Offline cpus: 4-7
BIOS frequency limitation: <Not Available>
Frequency switch latency (ns): 20000
Available cpu frequencies: <Not Available>
Current governor: schedutil
Core performance/turbo boost: <Not Available>

Memory: 4k page, physical 8060736k(250684k free), swap 999420k(487884k free)
Page Sizes: 4k

vm_info: OpenJDK 64-Bit Server VM (17.0.5+8) for linux-amd64 JRE (17.0.5+8), built on Oct 18 2022 00:00:00 by "temurin" with gcc 10.3.0

END.
