#
# There is insufficient memory for the Java Runtime Environment to continue.
# Cannot create worker GC thread. Out of system resources.
# Possible reasons:
#   The system is out of physical RAM or swap space
#   The process is running with CompressedOops enabled, and the Java Heap may be blocking the growth of the native heap
# Possible solutions:
#   Reduce memory load on the system
#   Increase physical memory or swap space
#   Check if swap backing store is full
#   Decrease Java heap size (-Xmx/-Xms)
#   Decrease number of Java threads
#   Decrease Java thread stack sizes (-Xss)
#   Set larger code cache with -XX:ReservedCodeCacheSize=
#   JVM is running with Unscaled Compressed Oops mode in which the Java heap is
#     placed in the first 4GB address space. The Java Heap base address is the
#     maximum limit for the native heap growth. Please use -XX:HeapBaseMinAddress
#     to set the Java Heap base and to place the Java Heap above 4GB virtual address.
# This output file may be truncated or incomplete.
#
#  Out of Memory Error (workerManager.hpp:87), pid=1733868, tid=1733868
#
# JRE version:  (17.0.5+8) (build )
# Java VM: OpenJDK 64-Bit Server VM (17.0.5+8, mixed mode, sharing, tiered, compressed oops, compressed class ptrs, g1 gc, linux-amd64)
# No core dump will be written. Core dumps have been disabled. To enable core dumping, try "ulimit -c unlimited" before starting Java again
#

---------------  S U M M A R Y ------------

Command Line: -Dfile.encoding=UTF-8 -XX:+ShowCodeDetailsInExceptionMessages cel.gènesi.Execució

Host: Intel(R) Core(TM) i7-2640M CPU @ 2.80GHz, 4 cores, 7G, Debian GNU/Linux 11 (bullseye)
Time: Wed Feb 22 12:38:29 2023 CET elapsed time: 0.023853 seconds (0d 0h 0m 0s)

---------------  T H R E A D  ---------------

Current thread (0x000055ce4bfbabd0):  JavaThread "Unknown thread" [_thread_in_vm, id=1733868, stack(0x00007ffc7ab4d000,0x00007ffc7b34c000)]

Stack: [0x00007ffc7ab4d000,0x00007ffc7b34c000],  sp=0x00007ffc7b346a30,  free space=8166k
Native frames: (J=compiled Java code, j=interpreted, Vv=VM code, C=native code)
V  [libjvm.so+0xed9801]  VMError::report_and_die(int, char const*, char const*, __va_list_tag*, Thread*, unsigned char*, void*, void*, char const*, int, unsigned long)+0x1a1
V  [libjvm.so+0xeda3cd]  VMError::report_and_die(Thread*, char const*, int, unsigned long, VMErrorType, char const*, __va_list_tag*)+0x2d
V  [libjvm.so+0x605913]  report_vm_out_of_memory(char const*, int, unsigned long, VMErrorType, char const*, ...)+0xc3
V  [libjvm.so+0xf0d42f]  WorkerManager::add_workers(WorkGang*, unsigned int, unsigned int, unsigned int, os::ThreadType, bool)+0x18f
V  [libjvm.so+0xf0d5ca]  WorkGang::initialize_workers()+0x4a
V  [libjvm.so+0x6eb931]  G1CollectedHeap::initialize()+0x6c1
V  [libjvm.so+0xe87fa2]  universe_init()+0xd2
V  [libjvm.so+0x7f73c7]  init_globals()+0x37
V  [libjvm.so+0xe5f247]  Threads::create_vm(JavaVMInitArgs*, bool*)+0x387
V  [libjvm.so+0x8b4922]  JNI_CreateJavaVM+0x52
C  [libjli.so+0x4a0f]  JavaMain+0x8f
C  [libjli.so+0x9910]  CallJavaMainInNewThread+0xb0
C  [libjli.so+0x69fd]  ContinueInNewThread+0x5d
C  [libjli.so+0x8064]  JLI_Launch+0x1474
C  [java+0x1203]  main+0x123


---------------  P R O C E S S  ---------------

Threads class SMR info:
_java_thread_list=0x00007fc233d8b4e0, length=0, elements={
}

Java Threads: ( => current thread )

Other Threads:

[error occurred during error reporting (printing all threads), id 0xb, SIGSEGV (0xb) at pc=0x00007fc23314f120]

VM state: not at safepoint (not fully initialized)

VM Mutex/Monitor currently owned by a thread:  ([mutex/lock_event])
[0x000055ce4bfb7fb0] Heap_lock - owner thread: 0x000055ce4bfbabd0

Heap address: 0x0000000085000000, size: 1968 MB, Compressed Oops mode: 32-bit

CDS archive(s) mapped at: [0x0000000000000000-0x0000000000000000-0x0000000000000000), size 0, SharedBaseAddress: 0x0000000800000000, ArchiveRelocationMode: 0.
Narrow klass base: 0x0000000000000000, Narrow klass shift: 0, Narrow klass range: 0x0

GC Precious Log:
<Empty>

Heap:
 garbage-first heap   total 0K, used 0K [0x0000000085000000, 0x0000000100000000)
  region size 1024K, 0 young (0K), 0 survivors (0K)

[error occurred during error reporting (printing heap information), id 0xb, SIGSEGV (0xb) at pc=0x00007fc23370f91a]

GC Heap History (0 events):
No events

Dll operation events (1 events):
Event: 0.002 Loaded shared library /home/joan/.p2/pool/plugins/org.eclipse.justj.openjdk.hotspot.jre.full.linux.x86_64_17.0.5.v20221102-0933/jre/lib/libjava.so

Deoptimization events (0 events):
No events

Classes unloaded (0 events):
No events

Classes redefined (0 events):
No events

Internal exceptions (0 events):
No events

VM Operations (0 events):
No events

Events (1 events):
Event: 0.001 Protecting memory [0x00007ffc7ab4d000,0x00007ffc7ab51000] with protection modes 0


Dynamic libraries:
85000000-100000000 ---p 00000000 00:00 0 
55ce4a916000-55ce4a917000 r--p 00000000 08:01 5802176                    /home/joan/.p2/pool/plugins/org.eclipse.justj.openjdk.hotspot.jre.full.linux.x86_64_17.0.5.v20221102-0933/jre/bin/java
55ce4a917000-55ce4a918000 r-xp 00001000 08:01 5802176                    /home/joan/.p2/pool/plugins/org.eclipse.justj.openjdk.hotspot.jre.full.linux.x86_64_17.0.5.v20221102-0933/jre/bin/java
55ce4a918000-55ce4a919000 r--p 00002000 08:01 5802176                    /home/joan/.p2/pool/plugins/org.eclipse.justj.openjdk.hotspot.jre.full.linux.x86_64_17.0.5.v20221102-0933/jre/bin/java
55ce4a919000-55ce4a91a000 r--p 00002000 08:01 5802176                    /home/joan/.p2/pool/plugins/org.eclipse.justj.openjdk.hotspot.jre.full.linux.x86_64_17.0.5.v20221102-0933/jre/bin/java
55ce4a91a000-55ce4a91b000 rw-p 00003000 08:01 5802176                    /home/joan/.p2/pool/plugins/org.eclipse.justj.openjdk.hotspot.jre.full.linux.x86_64_17.0.5.v20221102-0933/jre/bin/java
55ce4bf6e000-55ce4c02f000 rw-p 00000000 00:00 0                          [heap]
7fc21ad43000-7fc21b12e000 rw-p 00000000 00:00 0 
7fc21b12e000-7fc21b12f000 ---p 00000000 00:00 0 
7fc21b12f000-7fc21b272000 rw-p 00000000 00:00 0 
7fc21b272000-7fc21fb7a000 ---p 00000000 00:00 0 
7fc21fb7a000-7fc21ff83000 rw-p 00000000 00:00 0 
7fc21ff83000-7fc220069000 ---p 00000000 00:00 0 
7fc220069000-7fc22006e000 rw-p 00000000 00:00 0 
7fc22006e000-7fc220154000 ---p 00000000 00:00 0 
7fc220154000-7fc220159000 rw-p 00000000 00:00 0 
7fc220159000-7fc220160000 ---p 00000000 00:00 0 
7fc220160000-7fc2203d0000 rwxp 00000000 00:00 0 
7fc2203d0000-7fc2206f1000 ---p 00000000 00:00 0 
7fc2206f1000-7fc220961000 rwxp 00000000 00:00 0 
7fc220961000-7fc227c28000 ---p 00000000 00:00 0 
7fc227c28000-7fc227e98000 rwxp 00000000 00:00 0 
7fc227e98000-7fc22f160000 ---p 00000000 00:00 0 
7fc22f160000-7fc22f16d000 r--p 00000000 08:01 5802558                    /home/joan/.p2/pool/plugins/org.eclipse.justj.openjdk.hotspot.jre.full.linux.x86_64_17.0.5.v20221102-0933/jre/lib/libjava.so
7fc22f16d000-7fc22f17f000 r-xp 0000d000 08:01 5802558                    /home/joan/.p2/pool/plugins/org.eclipse.justj.openjdk.hotspot.jre.full.linux.x86_64_17.0.5.v20221102-0933/jre/lib/libjava.so
7fc22f17f000-7fc22f185000 r--p 0001f000 08:01 5802558                    /home/joan/.p2/pool/plugins/org.eclipse.justj.openjdk.hotspot.jre.full.linux.x86_64_17.0.5.v20221102-0933/jre/lib/libjava.so
7fc22f185000-7fc22f186000 ---p 00025000 08:01 5802558                    /home/joan/.p2/pool/plugins/org.eclipse.justj.openjdk.hotspot.jre.full.linux.x86_64_17.0.5.v20221102-0933/jre/lib/libjava.so
7fc22f186000-7fc22f187000 r--p 00025000 08:01 5802558                    /home/joan/.p2/pool/plugins/org.eclipse.justj.openjdk.hotspot.jre.full.linux.x86_64_17.0.5.v20221102-0933/jre/lib/libjava.so
7fc22f187000-7fc22f188000 rw-p 00026000 08:01 5802558                    /home/joan/.p2/pool/plugins/org.eclipse.justj.openjdk.hotspot.jre.full.linux.x86_64_17.0.5.v20221102-0933/jre/lib/libjava.so
7fc22f188000-7fc22f189000 rw-p 00000000 00:00 0 
7fc22f189000-7fc2327e8000 r--s 00000000 08:01 5802553                    /home/joan/.p2/pool/plugins/org.eclipse.justj.openjdk.hotspot.jre.full.linux.x86_64_17.0.5.v20221102-0933/jre/lib/modules
7fc2327e8000-7fc2327ec000 r--p 00000000 08:01 5802559                    /home/joan/.p2/pool/plugins/org.eclipse.justj.openjdk.hotspot.jre.full.linux.x86_64_17.0.5.v20221102-0933/jre/lib/libjimage.so
7fc2327ec000-7fc2327ff000 r-xp 00004000 08:01 5802559                    /home/joan/.p2/pool/plugins/org.eclipse.justj.openjdk.hotspot.jre.full.linux.x86_64_17.0.5.v20221102-0933/jre/lib/libjimage.so
7fc2327ff000-7fc232805000 r--p 00017000 08:01 5802559                    /home/joan/.p2/pool/plugins/org.eclipse.justj.openjdk.hotspot.jre.full.linux.x86_64_17.0.5.v20221102-0933/jre/lib/libjimage.so
7fc232805000-7fc232807000 r--p 0001c000 08:01 5802559                    /home/joan/.p2/pool/plugins/org.eclipse.justj.openjdk.hotspot.jre.full.linux.x86_64_17.0.5.v20221102-0933/jre/lib/libjimage.so
7fc232807000-7fc232808000 rw-p 0001e000 08:01 5802559                    /home/joan/.p2/pool/plugins/org.eclipse.justj.openjdk.hotspot.jre.full.linux.x86_64_17.0.5.v20221102-0933/jre/lib/libjimage.so
7fc232808000-7fc232909000 rw-p 00000000 00:00 0 
7fc232909000-7fc232916000 r--p 00000000 08:01 401325                     /usr/lib/x86_64-linux-gnu/libm-2.31.so
7fc232916000-7fc2329b0000 r-xp 0000d000 08:01 401325                     /usr/lib/x86_64-linux-gnu/libm-2.31.so
7fc2329b0000-7fc232a4b000 r--p 000a7000 08:01 401325                     /usr/lib/x86_64-linux-gnu/libm-2.31.so
7fc232a4b000-7fc232a4c000 r--p 00141000 08:01 401325                     /usr/lib/x86_64-linux-gnu/libm-2.31.so
7fc232a4c000-7fc232a4d000 rw-p 00142000 08:01 401325                     /usr/lib/x86_64-linux-gnu/libm-2.31.so
7fc232a4d000-7fc232a4f000 r--p 00000000 08:01 401818                     /usr/lib/x86_64-linux-gnu/librt-2.31.so
7fc232a4f000-7fc232a53000 r-xp 00002000 08:01 401818                     /usr/lib/x86_64-linux-gnu/librt-2.31.so
7fc232a53000-7fc232a55000 r--p 00006000 08:01 401818                     /usr/lib/x86_64-linux-gnu/librt-2.31.so
7fc232a55000-7fc232a56000 r--p 00007000 08:01 401818                     /usr/lib/x86_64-linux-gnu/librt-2.31.so
7fc232a56000-7fc232a57000 rw-p 00008000 08:01 401818                     /usr/lib/x86_64-linux-gnu/librt-2.31.so
7fc232a57000-7fc232ca9000 r--p 00000000 08:01 5802549                    /home/joan/.p2/pool/plugins/org.eclipse.justj.openjdk.hotspot.jre.full.linux.x86_64_17.0.5.v20221102-0933/jre/lib/server/libjvm.so
7fc232ca9000-7fc2339c2000 r-xp 00252000 08:01 5802549                    /home/joan/.p2/pool/plugins/org.eclipse.justj.openjdk.hotspot.jre.full.linux.x86_64_17.0.5.v20221102-0933/jre/lib/server/libjvm.so
7fc2339c2000-7fc233c4d000 r--p 00f6b000 08:01 5802549                    /home/joan/.p2/pool/plugins/org.eclipse.justj.openjdk.hotspot.jre.full.linux.x86_64_17.0.5.v20221102-0933/jre/lib/server/libjvm.so
7fc233c4d000-7fc233c4e000 ---p 011f6000 08:01 5802549                    /home/joan/.p2/pool/plugins/org.eclipse.justj.openjdk.hotspot.jre.full.linux.x86_64_17.0.5.v20221102-0933/jre/lib/server/libjvm.so
7fc233c4e000-7fc233d07000 r--p 011f6000 08:01 5802549                    /home/joan/.p2/pool/plugins/org.eclipse.justj.openjdk.hotspot.jre.full.linux.x86_64_17.0.5.v20221102-0933/jre/lib/server/libjvm.so
7fc233d07000-7fc233d3c000 rw-p 012af000 08:01 5802549                    /home/joan/.p2/pool/plugins/org.eclipse.justj.openjdk.hotspot.jre.full.linux.x86_64_17.0.5.v20221102-0933/jre/lib/server/libjvm.so
7fc233d3c000-7fc233d98000 rw-p 00000000 00:00 0 
7fc233d98000-7fc233dba000 r--p 00000000 08:01 400401                     /usr/lib/x86_64-linux-gnu/libc-2.31.so
7fc233dba000-7fc233f14000 r-xp 00022000 08:01 400401                     /usr/lib/x86_64-linux-gnu/libc-2.31.so
7fc233f14000-7fc233f63000 r--p 0017c000 08:01 400401                     /usr/lib/x86_64-linux-gnu/libc-2.31.so
7fc233f63000-7fc233f67000 r--p 001ca000 08:01 400401                     /usr/lib/x86_64-linux-gnu/libc-2.31.so
7fc233f67000-7fc233f69000 rw-p 001ce000 08:01 400401                     /usr/lib/x86_64-linux-gnu/libc-2.31.so
7fc233f69000-7fc233f6d000 rw-p 00000000 00:00 0 
7fc233f6d000-7fc233f6e000 r--p 00000000 08:01 400574                     /usr/lib/x86_64-linux-gnu/libdl-2.31.so
7fc233f6e000-7fc233f70000 r-xp 00001000 08:01 400574                     /usr/lib/x86_64-linux-gnu/libdl-2.31.so
7fc233f70000-7fc233f71000 r--p 00003000 08:01 400574                     /usr/lib/x86_64-linux-gnu/libdl-2.31.so
7fc233f71000-7fc233f72000 r--p 00003000 08:01 400574                     /usr/lib/x86_64-linux-gnu/libdl-2.31.so
7fc233f72000-7fc233f73000 rw-p 00004000 08:01 400574                     /usr/lib/x86_64-linux-gnu/libdl-2.31.so
7fc233f73000-7fc233f79000 r--p 00000000 08:01 401750                     /usr/lib/x86_64-linux-gnu/libpthread-2.31.so
7fc233f79000-7fc233f89000 r-xp 00006000 08:01 401750                     /usr/lib/x86_64-linux-gnu/libpthread-2.31.so
7fc233f89000-7fc233f8f000 r--p 00016000 08:01 401750                     /usr/lib/x86_64-linux-gnu/libpthread-2.31.so
7fc233f8f000-7fc233f90000 r--p 0001b000 08:01 401750                     /usr/lib/x86_64-linux-gnu/libpthread-2.31.so
7fc233f90000-7fc233f91000 rw-p 0001c000 08:01 401750                     /usr/lib/x86_64-linux-gnu/libpthread-2.31.so
7fc233f91000-7fc233f95000 rw-p 00000000 00:00 0 
7fc233f95000-7fc233f98000 r--p 00000000 08:01 5802560                    /home/joan/.p2/pool/plugins/org.eclipse.justj.openjdk.hotspot.jre.full.linux.x86_64_17.0.5.v20221102-0933/jre/lib/libjli.so
7fc233f98000-7fc233fa2000 r-xp 00003000 08:01 5802560                    /home/joan/.p2/pool/plugins/org.eclipse.justj.openjdk.hotspot.jre.full.linux.x86_64_17.0.5.v20221102-0933/jre/lib/libjli.so
7fc233fa2000-7fc233fa5000 r--p 0000d000 08:01 5802560                    /home/joan/.p2/pool/plugins/org.eclipse.justj.openjdk.hotspot.jre.full.linux.x86_64_17.0.5.v20221102-0933/jre/lib/libjli.so
7fc233fa5000-7fc233fa6000 ---p 00010000 08:01 5802560                    /home/joan/.p2/pool/plugins/org.eclipse.justj.openjdk.hotspot.jre.full.linux.x86_64_17.0.5.v20221102-0933/jre/lib/libjli.so
7fc233fa6000-7fc233fa7000 r--p 00010000 08:01 5802560                    /home/joan/.p2/pool/plugins/org.eclipse.justj.openjdk.hotspot.jre.full.linux.x86_64_17.0.5.v20221102-0933/jre/lib/libjli.so
7fc233fa7000-7fc233fa8000 rw-p 00011000 08:01 5802560                    /home/joan/.p2/pool/plugins/org.eclipse.justj.openjdk.hotspot.jre.full.linux.x86_64_17.0.5.v20221102-0933/jre/lib/libjli.so
7fc233fa8000-7fc233fab000 r--p 00000000 08:01 402286                     /usr/lib/x86_64-linux-gnu/libz.so.1.2.11
7fc233fab000-7fc233fbc000 r-xp 00003000 08:01 402286                     /usr/lib/x86_64-linux-gnu/libz.so.1.2.11
7fc233fbc000-7fc233fc2000 r--p 00014000 08:01 402286                     /usr/lib/x86_64-linux-gnu/libz.so.1.2.11
7fc233fc2000-7fc233fc3000 ---p 0001a000 08:01 402286                     /usr/lib/x86_64-linux-gnu/libz.so.1.2.11
7fc233fc3000-7fc233fc4000 r--p 0001a000 08:01 402286                     /usr/lib/x86_64-linux-gnu/libz.so.1.2.11
7fc233fc4000-7fc233fc5000 rw-p 0001b000 08:01 402286                     /usr/lib/x86_64-linux-gnu/libz.so.1.2.11
7fc233fc5000-7fc233fcd000 rw-s 00000000 08:01 1835057                    /tmp/hsperfdata_joan/1733868
7fc233fcd000-7fc233fd0000 r--p 00000000 08:01 401551                     /usr/lib/x86_64-linux-gnu/libnss_files-2.31.so
7fc233fd0000-7fc233fd7000 r-xp 00003000 08:01 401551                     /usr/lib/x86_64-linux-gnu/libnss_files-2.31.so
7fc233fd7000-7fc233fd9000 r--p 0000a000 08:01 401551                     /usr/lib/x86_64-linux-gnu/libnss_files-2.31.so
7fc233fd9000-7fc233fda000 r--p 0000b000 08:01 401551                     /usr/lib/x86_64-linux-gnu/libnss_files-2.31.so
7fc233fda000-7fc233fdb000 rw-p 0000c000 08:01 401551                     /usr/lib/x86_64-linux-gnu/libnss_files-2.31.so
7fc233fdb000-7fc233fe1000 rw-p 00000000 00:00 0 
7fc233fe1000-7fc233fe2000 ---p 00000000 00:00 0 
7fc233fe2000-7fc233fe3000 r--p 00000000 00:00 0 
7fc233fe3000-7fc233fe5000 rw-p 00000000 00:00 0 
7fc233fe5000-7fc233fe6000 r--p 00000000 08:01 399613                     /usr/lib/x86_64-linux-gnu/ld-2.31.so
7fc233fe6000-7fc234006000 r-xp 00001000 08:01 399613                     /usr/lib/x86_64-linux-gnu/ld-2.31.so
7fc234006000-7fc23400e000 r--p 00021000 08:01 399613                     /usr/lib/x86_64-linux-gnu/ld-2.31.so
7fc23400e000-7fc23400f000 ---p 00000000 00:00 0 
7fc23400f000-7fc234010000 r--p 00029000 08:01 399613                     /usr/lib/x86_64-linux-gnu/ld-2.31.so
7fc234010000-7fc234011000 rw-p 0002a000 08:01 399613                     /usr/lib/x86_64-linux-gnu/ld-2.31.so
7fc234011000-7fc234012000 rw-p 00000000 00:00 0 
7ffc7ab4d000-7ffc7ab51000 ---p 00000000 00:00 0 
7ffc7b32c000-7ffc7b34d000 rw-p 00000000 00:00 0                          [stack]
7ffc7b3c5000-7ffc7b3c9000 r--p 00000000 00:00 0                          [vvar]
7ffc7b3c9000-7ffc7b3cb000 r-xp 00000000 00:00 0                          [vdso]


VM Arguments:
jvm_args: -Dfile.encoding=UTF-8 -XX:+ShowCodeDetailsInExceptionMessages 
java_command: cel.gènesi.Execució
java_class_path (initial): /home/joan/git/cel.protocol/cel.protocol/temps/target/classes:/home/joan/git/cel.protocol/cel.protocol/cor/target/classes:/home/joan/git/cel.protocol/cel.protocol/cap/target/classes:/home/joan/.m2/repository/javax/xml/bind/jaxb-api/2.3.1/jaxb-api-2.3.1.jar:/home/joan/.m2/repository/javax/activation/javax.activation-api/1.2.0/javax.activation-api-1.2.0.jar:/home/joan/.m2/repository/org/glassfish/jaxb/jaxb-runtime/2.3.2/jaxb-runtime-2.3.2.jar:/home/joan/.m2/repository/jakarta/xml/bind/jakarta.xml.bind-api/2.3.2/jakarta.xml.bind-api-2.3.2.jar:/home/joan/.m2/repository/org/glassfish/jaxb/txw2/2.3.2/txw2-2.3.2.jar:/home/joan/.m2/repository/com/sun/istack/istack-commons-runtime/3.0.8/istack-commons-runtime-3.0.8.jar:/home/joan/.m2/repository/org/jvnet/staxex/stax-ex/1.8.1/stax-ex-1.8.1.jar:/home/joan/.m2/repository/com/sun/xml/fastinfoset/FastInfoset/1.2.16/FastInfoset-1.2.16.jar:/home/joan/.m2/repository/jakarta/activation/jakarta.activation-api/1.2.1/jakarta.activation-api-1.2.1.jar
Launcher Type: SUN_STANDARD

[Global flags]
     intx CICompilerCount                          = 3                                         {product} {ergonomic}
     uint ConcGCThreads                            = 1                                         {product} {ergonomic}
     uint G1ConcRefinementThreads                  = 4                                         {product} {ergonomic}
   size_t G1HeapRegionSize                         = 1048576                                   {product} {ergonomic}
    uintx GCDrainStackTargetSize                   = 64                                        {product} {ergonomic}
   size_t InitialHeapSize                          = 130023424                                 {product} {ergonomic}
   size_t MarkStackSize                            = 4194304                                   {product} {ergonomic}
   size_t MaxHeapSize                              = 2063597568                                {product} {ergonomic}
   size_t MinHeapDeltaBytes                        = 1048576                                   {product} {ergonomic}
   size_t MinHeapSize                              = 8388608                                   {product} {ergonomic}
    uintx NonNMethodCodeHeapSize                   = 5832780                                {pd product} {ergonomic}
    uintx NonProfiledCodeHeapSize                  = 122912730                              {pd product} {ergonomic}
    uintx ProfiledCodeHeapSize                     = 122912730                              {pd product} {ergonomic}
    uintx ReservedCodeCacheSize                    = 251658240                              {pd product} {ergonomic}
     bool SegmentedCodeCache                       = true                                      {product} {ergonomic}
     bool ShowCodeDetailsInExceptionMessages       = true                                   {manageable} {command line}
   size_t SoftMaxHeapSize                          = 2063597568                             {manageable} {ergonomic}
     bool UseCompressedClassPointers               = true                           {product lp64_product} {ergonomic}
     bool UseCompressedOops                        = true                           {product lp64_product} {ergonomic}
     bool UseG1GC                                  = true                                      {product} {ergonomic}

Logging:
Log output configuration:
 #0: stdout all=warning uptime,level,tags
 #1: stderr all=off uptime,level,tags

Environment Variables:
PATH=/usr/local/bin:/usr/bin:/bin:/usr/local/games:/usr/games
USERNAME=joan
SHELL=/bin/bash
DISPLAY=:0
LANG=en_US.UTF-8

Signal Handlers:
   SIGSEGV: crash_handler in libjvm.so, mask=11100100010111111101111111111110, flags=SA_RESTART|SA_SIGINFO
    SIGBUS: crash_handler in libjvm.so, mask=11100100010111111101111111111110, flags=SA_RESTART|SA_SIGINFO
    SIGFPE: crash_handler in libjvm.so, mask=11100100010111111101111111111110, flags=SA_RESTART|SA_SIGINFO
   SIGPIPE: javaSignalHandler in libjvm.so, mask=11100100010111111101111111111110, flags=SA_RESTART|SA_SIGINFO
   SIGXFSZ: javaSignalHandler in libjvm.so, mask=11100100010111111101111111111110, flags=SA_RESTART|SA_SIGINFO
    SIGILL: crash_handler in libjvm.so, mask=11100100010111111101111111111110, flags=SA_RESTART|SA_SIGINFO
   SIGUSR2: SR_handler in libjvm.so, mask=00100000000000000000000000000000, flags=SA_RESTART|SA_SIGINFO
    SIGHUP: SIG_DFL, mask=00000000000000000000000000000000, flags=none
    SIGINT: SIG_DFL, mask=00000000000000000000000000000000, flags=none
   SIGTERM: SIG_DFL, mask=00000000000000000000000000000000, flags=none
   SIGQUIT: javaSignalHandler in libjvm.so, mask=11100100010111111101111111111110, flags=SA_RESTART|SA_SIGINFO
   SIGTRAP: crash_handler in libjvm.so, mask=11100100010111111101111111111110, flags=SA_RESTART|SA_SIGINFO


---------------  S Y S T E M  ---------------

OS:
PRETTY_NAME="Debian GNU/Linux 11 (bullseye)"
NAME="Debian GNU/Linux"
VERSION_ID="11"
VERSION="11 (bullseye)"
VERSION_CODENAME=bullseye
ID=debian
HOME_URL="https://www.debian.org/"
SUPPORT_URL="https://www.debian.org/support"
BUG_REPORT_URL="https://bugs.debian.org/"
uname: Linux 5.10.0-21-amd64 #1 SMP Debian 5.10.162-1 (2023-01-21) x86_64
OS uptime: 0 days 9:25 hours
libc: glibc 2.31 NPTL 2.31 
rlimit (soft/hard): STACK 8192k/infinity , CORE 0k/infinity , NPROC 31274/31274 , NOFILE 1048576/1048576 , AS infinity/infinity , CPU infinity/infinity , DATA infinity/infinity , FSIZE infinity/infinity , MEMLOCK 1007592k/1007592k
load average: 0.57 0.61 0.57

/proc/meminfo:
MemTotal:        8060736 kB
MemFree:          302116 kB
MemAvailable:    1512504 kB
Buffers:           84576 kB
Cached:          3424252 kB
SwapCached:        20404 kB
Active:           649380 kB
Inactive:        6543732 kB
Active(anon):     194004 kB
Inactive(anon):  5617188 kB
Active(file):     455376 kB
Inactive(file):   926544 kB
Unevictable:       45352 kB
Mlocked:             224 kB
SwapTotal:        999420 kB
SwapFree:         739228 kB
Dirty:              1000 kB
Writeback:             0 kB
AnonPages:       3605300 kB
Mapped:          2097920 kB
Shmem:           2126908 kB
KReclaimable:     102548 kB
Slab:             239404 kB
SReclaimable:     102548 kB
SUnreclaim:       136856 kB
KernelStack:      157360 kB
PageTables:        51996 kB
NFS_Unstable:          0 kB
Bounce:                0 kB
WritebackTmp:          0 kB
CommitLimit:     5029788 kB
Committed_AS:   19851848 kB
VmallocTotal:   34359738367 kB
VmallocUsed:      181624 kB
VmallocChunk:          0 kB
Percpu:             6400 kB
HardwareCorrupted:     0 kB
AnonHugePages:   1347584 kB
ShmemHugePages:        0 kB
ShmemPmdMapped:        0 kB
FileHugePages:         0 kB
FilePmdMapped:         0 kB
HugePages_Total:       0
HugePages_Free:        0
HugePages_Rsvd:        0
HugePages_Surp:        0
Hugepagesize:       2048 kB
Hugetlb:               0 kB
DirectMap4k:      282880 kB
DirectMap2M:     8019968 kB

/sys/kernel/mm/transparent_hugepage/enabled: [always] madvise never
/sys/kernel/mm/transparent_hugepage/defrag (defrag/compaction efforts parameter): always defer defer+madvise [madvise] never

Process Memory:
Virtual Size: 2428672K (peak: 2428672K)
Resident Set Size: 18608K (peak: 18608K) (anon: 5956K, file: 12652K, shmem: 0K)
Swapped out: 0K
C-Heap outstanding allocations: 8846K, retained: 49K
glibc malloc tunables: (default)

/proc/sys/kernel/threads-max (system-wide limit on the number of threads): 62549
/proc/sys/vm/max_map_count (maximum number of memory map areas a process may have): 65530
/proc/sys/kernel/pid_max (system-wide limit on number of process identifiers): 4194304

container (cgroup) information:
container_type: cgroupv2
cpu_cpuset_cpus: not supported
cpu_memory_nodes: not supported
active_processor_count: 4
cpu_quota: not supported
cpu_period: not supported
cpu_shares: not supported
memory_limit_in_bytes: unlimited
memory_and_swap_limit_in_bytes: unlimited
memory_soft_limit_in_bytes: unlimited
memory_usage_in_bytes: 5785876 k
memory_max_usage_in_bytes: not supported
maximum number of tasks: 9382
current number of tasks: 9382

Steal ticks since vm start: 0
Steal ticks percentage since vm start:  0.000

CPU: total 4 (initial active 4) (2 cores per cpu, 2 threads per core) family 6 model 42 stepping 7 microcode 0x14, cx8, cmov, fxsr, ht, mmx, sse, sse2, sse3, ssse3, sse4.1, sse4.2, popcnt, tsc, tscinvbit, avx, aes, clmul, vzeroupper, clflush
CPU Model and flags from /proc/cpuinfo:
model name	: Intel(R) Core(TM) i7-2640M CPU @ 2.80GHz
flags		: fpu vme de pse tsc msr pae mce cx8 apic sep mtrr pge mca cmov pat pse36 clflush dts acpi mmx fxsr sse sse2 ht tm pbe syscall nx rdtscp lm constant_tsc arch_perfmon pebs bts rep_good nopl xtopology nonstop_tsc cpuid aperfmperf pni pclmulqdq dtes64 monitor ds_cpl vmx smx est tm2 ssse3 cx16 xtpr pdcm pcid sse4_1 sse4_2 x2apic popcnt tsc_deadline_timer aes xsave avx lahf_lm epb pti tpr_shadow vnmi flexpriority ept vpid xsaveopt dtherm ida arat pln pts

Online cpus: 0-3
Offline cpus: 4-7
BIOS frequency limitation: <Not Available>
Frequency switch latency (ns): 20000
Available cpu frequencies: <Not Available>
Current governor: schedutil
Core performance/turbo boost: <Not Available>

Memory: 4k page, physical 8060736k(302116k free), swap 999420k(739228k free)
Page Sizes: 4k

vm_info: OpenJDK 64-Bit Server VM (17.0.5+8) for linux-amd64 JRE (17.0.5+8), built on Oct 18 2022 00:00:00 by "temurin" with gcc 10.3.0

END.
