#
# There is insufficient memory for the Java Runtime Environment to continue.
# Cannot create worker GC thread. Out of system resources.
# Possible reasons:
#   The system is out of physical RAM or swap space
#   The process is running with CompressedOops enabled, and the Java Heap may be blocking the growth of the native heap
# Possible solutions:
#   Reduce memory load on the system
#   Increase physical memory or swap space
#   Check if swap backing store is full
#   Decrease Java heap size (-Xmx/-Xms)
#   Decrease number of Java threads
#   Decrease Java thread stack sizes (-Xss)
#   Set larger code cache with -XX:ReservedCodeCacheSize=
#   JVM is running with Unscaled Compressed Oops mode in which the Java heap is
#     placed in the first 4GB address space. The Java Heap base address is the
#     maximum limit for the native heap growth. Please use -XX:HeapBaseMinAddress
#     to set the Java Heap base and to place the Java Heap above 4GB virtual address.
# This output file may be truncated or incomplete.
#
#  Out of Memory Error (workerManager.hpp:87), pid=19795, tid=19797
#
# JRE version:  (17.0.5+8) (build )
# Java VM: OpenJDK 64-Bit Server VM (17.0.5+8, mixed mode, sharing, tiered, compressed oops, compressed class ptrs, g1 gc, linux-amd64)
# No core dump will be written. Core dumps have been disabled. To enable core dumping, try "ulimit -c unlimited" before starting Java again
#

---------------  S U M M A R Y ------------

Command Line: -Dfile.encoding=UTF-8 -XX:+ShowCodeDetailsInExceptionMessages cel.gènesi.Execució

Host: Intel(R) Core(TM) i7-2640M CPU @ 2.80GHz, 4 cores, 7G, Debian GNU/Linux 11 (bullseye)
Time: Wed Feb 22 13:28:15 2023 CET elapsed time: 0.023725 seconds (0d 0h 0m 0s)

---------------  T H R E A D  ---------------

Current thread (0x00007f4a640260e0):  JavaThread "Unknown thread" [_thread_in_vm, id=19797, stack(0x00007f4a68fc1000,0x00007f4a690c2000)]

Stack: [0x00007f4a68fc1000,0x00007f4a690c2000],  sp=0x00007f4a690c0650,  free space=1021k
Native frames: (J=compiled Java code, j=interpreted, Vv=VM code, C=native code)
V  [libjvm.so+0xed9801]  VMError::report_and_die(int, char const*, char const*, __va_list_tag*, Thread*, unsigned char*, void*, void*, char const*, int, unsigned long)+0x1a1
V  [libjvm.so+0xeda3cd]  VMError::report_and_die(Thread*, char const*, int, unsigned long, VMErrorType, char const*, __va_list_tag*)+0x2d
V  [libjvm.so+0x605913]  report_vm_out_of_memory(char const*, int, unsigned long, VMErrorType, char const*, ...)+0xc3
V  [libjvm.so+0xf0d42f]  WorkerManager::add_workers(WorkGang*, unsigned int, unsigned int, unsigned int, os::ThreadType, bool)+0x18f
V  [libjvm.so+0xf0d5ca]  WorkGang::initialize_workers()+0x4a
V  [libjvm.so+0x6eb931]  G1CollectedHeap::initialize()+0x6c1
V  [libjvm.so+0xe87fa2]  universe_init()+0xd2
V  [libjvm.so+0x7f73c7]  init_globals()+0x37
V  [libjvm.so+0xe5f247]  Threads::create_vm(JavaVMInitArgs*, bool*)+0x387
V  [libjvm.so+0x8b4922]  JNI_CreateJavaVM+0x52
C  [libjli.so+0x4a0f]  JavaMain+0x8f
C  [libjli.so+0x8cf9]  ThreadJavaMain+0x9


---------------  P R O C E S S  ---------------

Threads class SMR info:
_java_thread_list=0x00007f4a6a5444e0, length=0, elements={
}

Java Threads: ( => current thread )

Other Threads:

[error occurred during error reporting (printing all threads), id 0xb, SIGSEGV (0xb) at pc=0x00007f4a69908120]

VM state: not at safepoint (not fully initialized)

VM Mutex/Monitor currently owned by a thread:  ([mutex/lock_event])
[0x00007f4a640234c0] Heap_lock - owner thread: 0x00007f4a640260e0

Heap address: 0x0000000085000000, size: 1968 MB, Compressed Oops mode: 32-bit

CDS archive(s) mapped at: [0x0000000000000000-0x0000000000000000-0x0000000000000000), size 0, SharedBaseAddress: 0x0000000800000000, ArchiveRelocationMode: 0.
Narrow klass base: 0x0000000000000000, Narrow klass shift: 0, Narrow klass range: 0x0

GC Precious Log:
<Empty>

Heap:
 garbage-first heap   total 0K, used 0K [0x0000000085000000, 0x0000000100000000)
  region size 1024K, 0 young (0K), 0 survivors (0K)

[error occurred during error reporting (printing heap information), id 0xb, SIGSEGV (0xb) at pc=0x00007f4a69ec891a]

GC Heap History (0 events):
No events

Dll operation events (1 events):
Event: 0.002 Loaded shared library /home/joan/.p2/pool/plugins/org.eclipse.justj.openjdk.hotspot.jre.full.linux.x86_64_17.0.5.v20221102-0933/jre/lib/libjava.so

Deoptimization events (0 events):
No events

Classes unloaded (0 events):
No events

Classes redefined (0 events):
No events

Internal exceptions (0 events):
No events

VM Operations (0 events):
No events

Events (1 events):
Event: 0.001 Protecting memory [0x00007f4a68fc1000,0x00007f4a68fc5000] with protection modes 0


Dynamic libraries:
85000000-100000000 ---p 00000000 00:00 0 
55669803b000-55669803c000 r--p 00000000 08:01 5802176                    /home/joan/.p2/pool/plugins/org.eclipse.justj.openjdk.hotspot.jre.full.linux.x86_64_17.0.5.v20221102-0933/jre/bin/java
55669803c000-55669803d000 r-xp 00001000 08:01 5802176                    /home/joan/.p2/pool/plugins/org.eclipse.justj.openjdk.hotspot.jre.full.linux.x86_64_17.0.5.v20221102-0933/jre/bin/java
55669803d000-55669803e000 r--p 00002000 08:01 5802176                    /home/joan/.p2/pool/plugins/org.eclipse.justj.openjdk.hotspot.jre.full.linux.x86_64_17.0.5.v20221102-0933/jre/bin/java
55669803e000-55669803f000 r--p 00002000 08:01 5802176                    /home/joan/.p2/pool/plugins/org.eclipse.justj.openjdk.hotspot.jre.full.linux.x86_64_17.0.5.v20221102-0933/jre/bin/java
55669803f000-556698040000 rw-p 00003000 08:01 5802176                    /home/joan/.p2/pool/plugins/org.eclipse.justj.openjdk.hotspot.jre.full.linux.x86_64_17.0.5.v20221102-0933/jre/bin/java
556699505000-55669954d000 rw-p 00000000 00:00 0                          [heap]
7f4a4d45e000-7f4a4d849000 rw-p 00000000 00:00 0 
7f4a4d849000-7f4a519a1000 ---p 00000000 00:00 0 
7f4a519a1000-7f4a51c11000 rwxp 00000000 00:00 0 
7f4a51c11000-7f4a51f32000 ---p 00000000 00:00 0 
7f4a51f32000-7f4a521a2000 rwxp 00000000 00:00 0 
7f4a521a2000-7f4a59469000 ---p 00000000 00:00 0 
7f4a59469000-7f4a596d9000 rwxp 00000000 00:00 0 
7f4a596d9000-7f4a609a1000 ---p 00000000 00:00 0 
7f4a609a1000-7f4a64000000 r--s 00000000 08:01 5802553                    /home/joan/.p2/pool/plugins/org.eclipse.justj.openjdk.hotspot.jre.full.linux.x86_64_17.0.5.v20221102-0933/jre/lib/modules
7f4a64000000-7f4a6408c000 rw-p 00000000 00:00 0 
7f4a6408c000-7f4a68000000 ---p 00000000 00:00 0 
7f4a6809e000-7f4a6809f000 ---p 00000000 00:00 0 
7f4a6809f000-7f4a681e2000 rw-p 00000000 00:00 0 
7f4a681e2000-7f4a68992000 ---p 00000000 00:00 0 
7f4a68992000-7f4a68d9b000 rw-p 00000000 00:00 0 
7f4a68d9b000-7f4a68e81000 ---p 00000000 00:00 0 
7f4a68e81000-7f4a68e86000 rw-p 00000000 00:00 0 
7f4a68e86000-7f4a68f6c000 ---p 00000000 00:00 0 
7f4a68f6c000-7f4a68f71000 rw-p 00000000 00:00 0 
7f4a68f71000-7f4a68f78000 ---p 00000000 00:00 0 
7f4a68f78000-7f4a68f85000 r--p 00000000 08:01 5802558                    /home/joan/.p2/pool/plugins/org.eclipse.justj.openjdk.hotspot.jre.full.linux.x86_64_17.0.5.v20221102-0933/jre/lib/libjava.so
7f4a68f85000-7f4a68f97000 r-xp 0000d000 08:01 5802558                    /home/joan/.p2/pool/plugins/org.eclipse.justj.openjdk.hotspot.jre.full.linux.x86_64_17.0.5.v20221102-0933/jre/lib/libjava.so
7f4a68f97000-7f4a68f9d000 r--p 0001f000 08:01 5802558                    /home/joan/.p2/pool/plugins/org.eclipse.justj.openjdk.hotspot.jre.full.linux.x86_64_17.0.5.v20221102-0933/jre/lib/libjava.so
7f4a68f9d000-7f4a68f9e000 ---p 00025000 08:01 5802558                    /home/joan/.p2/pool/plugins/org.eclipse.justj.openjdk.hotspot.jre.full.linux.x86_64_17.0.5.v20221102-0933/jre/lib/libjava.so
7f4a68f9e000-7f4a68f9f000 r--p 00025000 08:01 5802558                    /home/joan/.p2/pool/plugins/org.eclipse.justj.openjdk.hotspot.jre.full.linux.x86_64_17.0.5.v20221102-0933/jre/lib/libjava.so
7f4a68f9f000-7f4a68fa0000 rw-p 00026000 08:01 5802558                    /home/joan/.p2/pool/plugins/org.eclipse.justj.openjdk.hotspot.jre.full.linux.x86_64_17.0.5.v20221102-0933/jre/lib/libjava.so
7f4a68fa0000-7f4a68fa1000 rw-p 00000000 00:00 0 
7f4a68fa1000-7f4a68fa5000 r--p 00000000 08:01 5802559                    /home/joan/.p2/pool/plugins/org.eclipse.justj.openjdk.hotspot.jre.full.linux.x86_64_17.0.5.v20221102-0933/jre/lib/libjimage.so
7f4a68fa5000-7f4a68fb8000 r-xp 00004000 08:01 5802559                    /home/joan/.p2/pool/plugins/org.eclipse.justj.openjdk.hotspot.jre.full.linux.x86_64_17.0.5.v20221102-0933/jre/lib/libjimage.so
7f4a68fb8000-7f4a68fbe000 r--p 00017000 08:01 5802559                    /home/joan/.p2/pool/plugins/org.eclipse.justj.openjdk.hotspot.jre.full.linux.x86_64_17.0.5.v20221102-0933/jre/lib/libjimage.so
7f4a68fbe000-7f4a68fc0000 r--p 0001c000 08:01 5802559                    /home/joan/.p2/pool/plugins/org.eclipse.justj.openjdk.hotspot.jre.full.linux.x86_64_17.0.5.v20221102-0933/jre/lib/libjimage.so
7f4a68fc0000-7f4a68fc1000 rw-p 0001e000 08:01 5802559                    /home/joan/.p2/pool/plugins/org.eclipse.justj.openjdk.hotspot.jre.full.linux.x86_64_17.0.5.v20221102-0933/jre/lib/libjimage.so
7f4a68fc1000-7f4a68fc5000 ---p 00000000 00:00 0 
7f4a68fc5000-7f4a690c2000 rw-p 00000000 00:00 0 
7f4a690c2000-7f4a690cf000 r--p 00000000 08:01 401325                     /usr/lib/x86_64-linux-gnu/libm-2.31.so
7f4a690cf000-7f4a69169000 r-xp 0000d000 08:01 401325                     /usr/lib/x86_64-linux-gnu/libm-2.31.so
7f4a69169000-7f4a69204000 r--p 000a7000 08:01 401325                     /usr/lib/x86_64-linux-gnu/libm-2.31.so
7f4a69204000-7f4a69205000 r--p 00141000 08:01 401325                     /usr/lib/x86_64-linux-gnu/libm-2.31.so
7f4a69205000-7f4a69206000 rw-p 00142000 08:01 401325                     /usr/lib/x86_64-linux-gnu/libm-2.31.so
7f4a69206000-7f4a69208000 r--p 00000000 08:01 401818                     /usr/lib/x86_64-linux-gnu/librt-2.31.so
7f4a69208000-7f4a6920c000 r-xp 00002000 08:01 401818                     /usr/lib/x86_64-linux-gnu/librt-2.31.so
7f4a6920c000-7f4a6920e000 r--p 00006000 08:01 401818                     /usr/lib/x86_64-linux-gnu/librt-2.31.so
7f4a6920e000-7f4a6920f000 r--p 00007000 08:01 401818                     /usr/lib/x86_64-linux-gnu/librt-2.31.so
7f4a6920f000-7f4a69210000 rw-p 00008000 08:01 401818                     /usr/lib/x86_64-linux-gnu/librt-2.31.so
7f4a69210000-7f4a69462000 r--p 00000000 08:01 5802549                    /home/joan/.p2/pool/plugins/org.eclipse.justj.openjdk.hotspot.jre.full.linux.x86_64_17.0.5.v20221102-0933/jre/lib/server/libjvm.so
7f4a69462000-7f4a6a17b000 r-xp 00252000 08:01 5802549                    /home/joan/.p2/pool/plugins/org.eclipse.justj.openjdk.hotspot.jre.full.linux.x86_64_17.0.5.v20221102-0933/jre/lib/server/libjvm.so
7f4a6a17b000-7f4a6a406000 r--p 00f6b000 08:01 5802549                    /home/joan/.p2/pool/plugins/org.eclipse.justj.openjdk.hotspot.jre.full.linux.x86_64_17.0.5.v20221102-0933/jre/lib/server/libjvm.so
7f4a6a406000-7f4a6a407000 ---p 011f6000 08:01 5802549                    /home/joan/.p2/pool/plugins/org.eclipse.justj.openjdk.hotspot.jre.full.linux.x86_64_17.0.5.v20221102-0933/jre/lib/server/libjvm.so
7f4a6a407000-7f4a6a4c0000 r--p 011f6000 08:01 5802549                    /home/joan/.p2/pool/plugins/org.eclipse.justj.openjdk.hotspot.jre.full.linux.x86_64_17.0.5.v20221102-0933/jre/lib/server/libjvm.so
7f4a6a4c0000-7f4a6a4f5000 rw-p 012af000 08:01 5802549                    /home/joan/.p2/pool/plugins/org.eclipse.justj.openjdk.hotspot.jre.full.linux.x86_64_17.0.5.v20221102-0933/jre/lib/server/libjvm.so
7f4a6a4f5000-7f4a6a551000 rw-p 00000000 00:00 0 
7f4a6a551000-7f4a6a573000 r--p 00000000 08:01 400401                     /usr/lib/x86_64-linux-gnu/libc-2.31.so
7f4a6a573000-7f4a6a6cd000 r-xp 00022000 08:01 400401                     /usr/lib/x86_64-linux-gnu/libc-2.31.so
7f4a6a6cd000-7f4a6a71c000 r--p 0017c000 08:01 400401                     /usr/lib/x86_64-linux-gnu/libc-2.31.so
7f4a6a71c000-7f4a6a720000 r--p 001ca000 08:01 400401                     /usr/lib/x86_64-linux-gnu/libc-2.31.so
7f4a6a720000-7f4a6a722000 rw-p 001ce000 08:01 400401                     /usr/lib/x86_64-linux-gnu/libc-2.31.so
7f4a6a722000-7f4a6a726000 rw-p 00000000 00:00 0 
7f4a6a726000-7f4a6a727000 r--p 00000000 08:01 400574                     /usr/lib/x86_64-linux-gnu/libdl-2.31.so
7f4a6a727000-7f4a6a729000 r-xp 00001000 08:01 400574                     /usr/lib/x86_64-linux-gnu/libdl-2.31.so
7f4a6a729000-7f4a6a72a000 r--p 00003000 08:01 400574                     /usr/lib/x86_64-linux-gnu/libdl-2.31.so
7f4a6a72a000-7f4a6a72b000 r--p 00003000 08:01 400574                     /usr/lib/x86_64-linux-gnu/libdl-2.31.so
7f4a6a72b000-7f4a6a72c000 rw-p 00004000 08:01 400574                     /usr/lib/x86_64-linux-gnu/libdl-2.31.so
7f4a6a72c000-7f4a6a732000 r--p 00000000 08:01 401750                     /usr/lib/x86_64-linux-gnu/libpthread-2.31.so
7f4a6a732000-7f4a6a742000 r-xp 00006000 08:01 401750                     /usr/lib/x86_64-linux-gnu/libpthread-2.31.so
7f4a6a742000-7f4a6a748000 r--p 00016000 08:01 401750                     /usr/lib/x86_64-linux-gnu/libpthread-2.31.so
7f4a6a748000-7f4a6a749000 r--p 0001b000 08:01 401750                     /usr/lib/x86_64-linux-gnu/libpthread-2.31.so
7f4a6a749000-7f4a6a74a000 rw-p 0001c000 08:01 401750                     /usr/lib/x86_64-linux-gnu/libpthread-2.31.so
7f4a6a74a000-7f4a6a74e000 rw-p 00000000 00:00 0 
7f4a6a74e000-7f4a6a751000 r--p 00000000 08:01 5802560                    /home/joan/.p2/pool/plugins/org.eclipse.justj.openjdk.hotspot.jre.full.linux.x86_64_17.0.5.v20221102-0933/jre/lib/libjli.so
7f4a6a751000-7f4a6a75b000 r-xp 00003000 08:01 5802560                    /home/joan/.p2/pool/plugins/org.eclipse.justj.openjdk.hotspot.jre.full.linux.x86_64_17.0.5.v20221102-0933/jre/lib/libjli.so
7f4a6a75b000-7f4a6a75e000 r--p 0000d000 08:01 5802560                    /home/joan/.p2/pool/plugins/org.eclipse.justj.openjdk.hotspot.jre.full.linux.x86_64_17.0.5.v20221102-0933/jre/lib/libjli.so
7f4a6a75e000-7f4a6a75f000 ---p 00010000 08:01 5802560                    /home/joan/.p2/pool/plugins/org.eclipse.justj.openjdk.hotspot.jre.full.linux.x86_64_17.0.5.v20221102-0933/jre/lib/libjli.so
7f4a6a75f000-7f4a6a760000 r--p 00010000 08:01 5802560                    /home/joan/.p2/pool/plugins/org.eclipse.justj.openjdk.hotspot.jre.full.linux.x86_64_17.0.5.v20221102-0933/jre/lib/libjli.so
7f4a6a760000-7f4a6a761000 rw-p 00011000 08:01 5802560                    /home/joan/.p2/pool/plugins/org.eclipse.justj.openjdk.hotspot.jre.full.linux.x86_64_17.0.5.v20221102-0933/jre/lib/libjli.so
7f4a6a761000-7f4a6a764000 r--p 00000000 08:01 402286                     /usr/lib/x86_64-linux-gnu/libz.so.1.2.11
7f4a6a764000-7f4a6a775000 r-xp 00003000 08:01 402286                     /usr/lib/x86_64-linux-gnu/libz.so.1.2.11
7f4a6a775000-7f4a6a77b000 r--p 00014000 08:01 402286                     /usr/lib/x86_64-linux-gnu/libz.so.1.2.11
7f4a6a77b000-7f4a6a77c000 ---p 0001a000 08:01 402286                     /usr/lib/x86_64-linux-gnu/libz.so.1.2.11
7f4a6a77c000-7f4a6a77d000 r--p 0001a000 08:01 402286                     /usr/lib/x86_64-linux-gnu/libz.so.1.2.11
7f4a6a77d000-7f4a6a77e000 rw-p 0001b000 08:01 402286                     /usr/lib/x86_64-linux-gnu/libz.so.1.2.11
7f4a6a77e000-7f4a6a786000 rw-s 00000000 08:01 1835021                    /tmp/hsperfdata_joan/19795
7f4a6a786000-7f4a6a789000 r--p 00000000 08:01 401551                     /usr/lib/x86_64-linux-gnu/libnss_files-2.31.so
7f4a6a789000-7f4a6a790000 r-xp 00003000 08:01 401551                     /usr/lib/x86_64-linux-gnu/libnss_files-2.31.so
7f4a6a790000-7f4a6a792000 r--p 0000a000 08:01 401551                     /usr/lib/x86_64-linux-gnu/libnss_files-2.31.so
7f4a6a792000-7f4a6a793000 r--p 0000b000 08:01 401551                     /usr/lib/x86_64-linux-gnu/libnss_files-2.31.so
7f4a6a793000-7f4a6a794000 rw-p 0000c000 08:01 401551                     /usr/lib/x86_64-linux-gnu/libnss_files-2.31.so
7f4a6a794000-7f4a6a79a000 rw-p 00000000 00:00 0 
7f4a6a79a000-7f4a6a79b000 ---p 00000000 00:00 0 
7f4a6a79b000-7f4a6a79c000 r--p 00000000 00:00 0 
7f4a6a79c000-7f4a6a79e000 rw-p 00000000 00:00 0 
7f4a6a79e000-7f4a6a79f000 r--p 00000000 08:01 399613                     /usr/lib/x86_64-linux-gnu/ld-2.31.so
7f4a6a79f000-7f4a6a7bf000 r-xp 00001000 08:01 399613                     /usr/lib/x86_64-linux-gnu/ld-2.31.so
7f4a6a7bf000-7f4a6a7c7000 r--p 00021000 08:01 399613                     /usr/lib/x86_64-linux-gnu/ld-2.31.so
7f4a6a7c7000-7f4a6a7c8000 ---p 00000000 00:00 0 
7f4a6a7c8000-7f4a6a7c9000 r--p 00029000 08:01 399613                     /usr/lib/x86_64-linux-gnu/ld-2.31.so
7f4a6a7c9000-7f4a6a7ca000 rw-p 0002a000 08:01 399613                     /usr/lib/x86_64-linux-gnu/ld-2.31.so
7f4a6a7ca000-7f4a6a7cb000 rw-p 00000000 00:00 0 
7ffdd43eb000-7ffdd440c000 rw-p 00000000 00:00 0                          [stack]
7ffdd458f000-7ffdd4593000 r--p 00000000 00:00 0                          [vvar]
7ffdd4593000-7ffdd4595000 r-xp 00000000 00:00 0                          [vdso]


VM Arguments:
jvm_args: -Dfile.encoding=UTF-8 -XX:+ShowCodeDetailsInExceptionMessages 
java_command: cel.gènesi.Execució
java_class_path (initial): /home/joan/git/cel.protocol/cel.protocol/temps/target/classes:/home/joan/git/cel.protocol/cel.protocol/cor/target/classes:/home/joan/git/cel.protocol/cel.protocol/cap/target/classes:/home/joan/.m2/repository/javax/xml/bind/jaxb-api/2.3.1/jaxb-api-2.3.1.jar:/home/joan/.m2/repository/javax/activation/javax.activation-api/1.2.0/javax.activation-api-1.2.0.jar:/home/joan/.m2/repository/org/glassfish/jaxb/jaxb-runtime/2.3.2/jaxb-runtime-2.3.2.jar:/home/joan/.m2/repository/jakarta/xml/bind/jakarta.xml.bind-api/2.3.2/jakarta.xml.bind-api-2.3.2.jar:/home/joan/.m2/repository/org/glassfish/jaxb/txw2/2.3.2/txw2-2.3.2.jar:/home/joan/.m2/repository/com/sun/istack/istack-commons-runtime/3.0.8/istack-commons-runtime-3.0.8.jar:/home/joan/.m2/repository/org/jvnet/staxex/stax-ex/1.8.1/stax-ex-1.8.1.jar:/home/joan/.m2/repository/com/sun/xml/fastinfoset/FastInfoset/1.2.16/FastInfoset-1.2.16.jar:/home/joan/.m2/repository/jakarta/activation/jakarta.activation-api/1.2.1/jakarta.activation-api-1.2.1.jar
Launcher Type: SUN_STANDARD

[Global flags]
     intx CICompilerCount                          = 3                                         {product} {ergonomic}
     uint ConcGCThreads                            = 1                                         {product} {ergonomic}
     uint G1ConcRefinementThreads                  = 4                                         {product} {ergonomic}
   size_t G1HeapRegionSize                         = 1048576                                   {product} {ergonomic}
    uintx GCDrainStackTargetSize                   = 64                                        {product} {ergonomic}
   size_t InitialHeapSize                          = 130023424                                 {product} {ergonomic}
   size_t MarkStackSize                            = 4194304                                   {product} {ergonomic}
   size_t MaxHeapSize                              = 2063597568                                {product} {ergonomic}
   size_t MinHeapDeltaBytes                        = 1048576                                   {product} {ergonomic}
   size_t MinHeapSize                              = 8388608                                   {product} {ergonomic}
    uintx NonNMethodCodeHeapSize                   = 5832780                                {pd product} {ergonomic}
    uintx NonProfiledCodeHeapSize                  = 122912730                              {pd product} {ergonomic}
    uintx ProfiledCodeHeapSize                     = 122912730                              {pd product} {ergonomic}
    uintx ReservedCodeCacheSize                    = 251658240                              {pd product} {ergonomic}
     bool SegmentedCodeCache                       = true                                      {product} {ergonomic}
     bool ShowCodeDetailsInExceptionMessages       = true                                   {manageable} {command line}
   size_t SoftMaxHeapSize                          = 2063597568                             {manageable} {ergonomic}
     bool UseCompressedClassPointers               = true                           {product lp64_product} {ergonomic}
     bool UseCompressedOops                        = true                           {product lp64_product} {ergonomic}
     bool UseG1GC                                  = true                                      {product} {ergonomic}

Logging:
Log output configuration:
 #0: stdout all=warning uptime,level,tags
 #1: stderr all=off uptime,level,tags

Environment Variables:
PATH=/usr/local/bin:/usr/bin:/bin:/usr/local/games:/usr/games
USERNAME=joan
SHELL=/bin/bash
DISPLAY=:0
LANG=en_US.UTF-8

Signal Handlers:
   SIGSEGV: crash_handler in libjvm.so, mask=11100100010111111101111111111110, flags=SA_RESTART|SA_SIGINFO
    SIGBUS: crash_handler in libjvm.so, mask=11100100010111111101111111111110, flags=SA_RESTART|SA_SIGINFO
    SIGFPE: crash_handler in libjvm.so, mask=11100100010111111101111111111110, flags=SA_RESTART|SA_SIGINFO
   SIGPIPE: javaSignalHandler in libjvm.so, mask=11100100010111111101111111111110, flags=SA_RESTART|SA_SIGINFO
   SIGXFSZ: javaSignalHandler in libjvm.so, mask=11100100010111111101111111111110, flags=SA_RESTART|SA_SIGINFO
    SIGILL: crash_handler in libjvm.so, mask=11100100010111111101111111111110, flags=SA_RESTART|SA_SIGINFO
   SIGUSR2: SR_handler in libjvm.so, mask=00100000000000000000000000000000, flags=SA_RESTART|SA_SIGINFO
    SIGHUP: SIG_DFL, mask=00000000000000000000000000000000, flags=none
    SIGINT: SIG_DFL, mask=00000000000000000000000000000000, flags=none
   SIGTERM: SIG_DFL, mask=00000000000000000000000000000000, flags=none
   SIGQUIT: javaSignalHandler in libjvm.so, mask=11100100010111111101111111111110, flags=SA_RESTART|SA_SIGINFO
   SIGTRAP: crash_handler in libjvm.so, mask=11100100010111111101111111111110, flags=SA_RESTART|SA_SIGINFO


---------------  S Y S T E M  ---------------

OS:
PRETTY_NAME="Debian GNU/Linux 11 (bullseye)"
NAME="Debian GNU/Linux"
VERSION_ID="11"
VERSION="11 (bullseye)"
VERSION_CODENAME=bullseye
ID=debian
HOME_URL="https://www.debian.org/"
SUPPORT_URL="https://www.debian.org/support"
BUG_REPORT_URL="https://bugs.debian.org/"
uname: Linux 5.10.0-21-amd64 #1 SMP Debian 5.10.162-1 (2023-01-21) x86_64
OS uptime: 0 days 0:10 hours
libc: glibc 2.31 NPTL 2.31 
rlimit (soft/hard): STACK 8192k/infinity , CORE 0k/infinity , NPROC 31274/31274 , NOFILE 1048576/1048576 , AS infinity/infinity , CPU infinity/infinity , DATA infinity/infinity , FSIZE infinity/infinity , MEMLOCK 1007592k/1007592k
load average: 1.96 1.04 0.70

/proc/meminfo:
MemTotal:        8060736 kB
MemFree:         2846488 kB
MemAvailable:    3637448 kB
Buffers:           94596 kB
Cached:          1382024 kB
SwapCached:            0 kB
Active:           403748 kB
Inactive:        4114464 kB
Active(anon):       1796 kB
Inactive(anon):  3561152 kB
Active(file):     401952 kB
Inactive(file):   553312 kB
Unevictable:      190008 kB
Mlocked:               0 kB
SwapTotal:        999420 kB
SwapFree:         999420 kB
Dirty:               480 kB
Writeback:             0 kB
AnonPages:       3215420 kB
Mapped:           615476 kB
Shmem:            521184 kB
KReclaimable:     117004 kB
Slab:             245908 kB
SReclaimable:     117004 kB
SUnreclaim:       128904 kB
KernelStack:      157008 kB
PageTables:        37204 kB
NFS_Unstable:          0 kB
Bounce:                0 kB
WritebackTmp:          0 kB
CommitLimit:     5029788 kB
Committed_AS:   15340404 kB
VmallocTotal:   34359738367 kB
VmallocUsed:      181404 kB
VmallocChunk:          0 kB
Percpu:             6176 kB
HardwareCorrupted:     0 kB
AnonHugePages:   1390592 kB
ShmemHugePages:        0 kB
ShmemPmdMapped:        0 kB
FileHugePages:         0 kB
FilePmdMapped:         0 kB
HugePages_Total:       0
HugePages_Free:        0
HugePages_Rsvd:        0
HugePages_Surp:        0
Hugepagesize:       2048 kB
Hugetlb:               0 kB
DirectMap4k:      170240 kB
DirectMap2M:     8132608 kB

/sys/kernel/mm/transparent_hugepage/enabled: [always] madvise never
/sys/kernel/mm/transparent_hugepage/defrag (defrag/compaction efforts parameter): always defer defer+madvise [madvise] never

Process Memory:
Virtual Size: 2493708K (peak: 2493708K)
Resident Set Size: 18100K (peak: 18100K) (anon: 5976K, file: 12124K, shmem: 0K)
Swapped out: 0K
C-Heap outstanding allocations: 8841K, retained: 150K
glibc malloc tunables: (default)

/proc/sys/kernel/threads-max (system-wide limit on the number of threads): 62549
/proc/sys/vm/max_map_count (maximum number of memory map areas a process may have): 65530
/proc/sys/kernel/pid_max (system-wide limit on number of process identifiers): 4194304

container (cgroup) information:
container_type: cgroupv2
cpu_cpuset_cpus: not supported
cpu_memory_nodes: not supported
active_processor_count: 4
cpu_quota: not supported
cpu_period: not supported
cpu_shares: not supported
memory_limit_in_bytes: unlimited
memory_and_swap_limit_in_bytes: unlimited
memory_soft_limit_in_bytes: unlimited
memory_usage_in_bytes: 3617360 k
memory_max_usage_in_bytes: not supported
maximum number of tasks: 9382
current number of tasks: 9382

Steal ticks since vm start: 0
Steal ticks percentage since vm start:  0.000

CPU: total 4 (initial active 4) (2 cores per cpu, 2 threads per core) family 6 model 42 stepping 7 microcode 0x14, cx8, cmov, fxsr, ht, mmx, sse, sse2, sse3, ssse3, sse4.1, sse4.2, popcnt, tsc, tscinvbit, avx, aes, clmul, vzeroupper, clflush
CPU Model and flags from /proc/cpuinfo:
model name	: Intel(R) Core(TM) i7-2640M CPU @ 2.80GHz
flags		: fpu vme de pse tsc msr pae mce cx8 apic sep mtrr pge mca cmov pat pse36 clflush dts acpi mmx fxsr sse sse2 ht tm pbe syscall nx rdtscp lm constant_tsc arch_perfmon pebs bts rep_good nopl xtopology nonstop_tsc cpuid aperfmperf pni pclmulqdq dtes64 monitor ds_cpl vmx smx est tm2 ssse3 cx16 xtpr pdcm pcid sse4_1 sse4_2 x2apic popcnt tsc_deadline_timer aes xsave avx lahf_lm epb pti tpr_shadow vnmi flexpriority ept vpid xsaveopt dtherm ida arat pln pts

Online cpus: 0-3
Offline cpus: 4-7
BIOS frequency limitation: <Not Available>
Frequency switch latency (ns): 20000
Available cpu frequencies: <Not Available>
Current governor: schedutil
Core performance/turbo boost: <Not Available>

Memory: 4k page, physical 8060736k(2846488k free), swap 999420k(999420k free)
Page Sizes: 4k

vm_info: OpenJDK 64-Bit Server VM (17.0.5+8) for linux-amd64 JRE (17.0.5+8), built on Oct 18 2022 00:00:00 by "temurin" with gcc 10.3.0

END.
